app/build/outputs/mapping/release/mapping.txt
android.support.v7.appcompat.R$dimen -> android.support.v7.a.a$d:
    int abc_action_bar_content_inset_material -> abc_action_bar_content_inset_material
    int abc_action_bar_content_inset_with_nav -> abc_action_bar_content_inset_with_nav
    int abc_action_bar_default_height_material -> abc_action_bar_default_height_material
    int abc_action_bar_default_padding_end_material -> abc_action_bar_default_padding_end_material
    int abc_action_bar_default_padding_start_material -> abc_action_bar_default_padding_start_material
    int abc_action_bar_elevation_material -> abc_action_bar_elevation_material
    int abc_action_bar_icon_vertical_padding_material -> abc_action_bar_icon_vertical_padding_material
    int abc_action_bar_overflow_padding_end_material -> abc_action_bar_overflow_padding_end_material
    int abc_action_bar_overflow_padding_start_material -> abc_action_bar_overflow_padding_start_material
    int abc_action_bar_progress_bar_size -> abc_action_bar_progress_bar_size
    int abc_action_bar_stacked_max_height -> abc_action_bar_stacked_max_height
    int abc_action_bar_stacked_tab_max_width -> abc_action_bar_stacked_tab_max_width
    int abc_action_bar_subtitle_bottom_margin_material -> abc_action_bar_subtitle_bottom_margin_material
    int abc_action_bar_subtitle_top_margin_material -> abc_action_bar_subtitle_top_margin_material
    int abc_action_button_min_height_material -> abc_action_button_min_height_material
android.support.v7.appcompat.R$drawable -> android.support.v7.a.a$e:
    int abc_ab_share_pack_mtrl_alpha -> abc_ab_share_pack_mtrl_alpha
    int abc_action_bar_item_background_material -> abc_action_bar_item_background_material
    int abc_btn_borderless_material -> abc_btn_borderless_material
    int abc_btn_check_material -> abc_btn_check_material
    int abc_btn_check_to_on_mtrl_000 -> abc_btn_check_to_on_mtrl_000
    int abc_btn_check_to_on_mtrl_015 -> abc_btn_check_to_on_mtrl_015
    int abc_btn_colored_material -> abc_btn_colored_material
    int abc_btn_default_mtrl_shape -> abc_btn_default_mtrl_shape
    int abc_btn_radio_material -> abc_btn_radio_material
    int abc_btn_radio_to_on_mtrl_000 -> abc_btn_radio_to_on_mtrl_000
    int abc_btn_radio_to_on_mtrl_015 -> abc_btn_radio_to_on_mtrl_015
    int abc_btn_switch_to_on_mtrl_00001 -> abc_btn_switch_to_on_mtrl_00001
    int abc_btn_switch_to_on_mtrl_00012 -> abc_btn_switch_to_on_mtrl_00012
    int abc_cab_background_internal_bg -> abc_cab_background_internal_bg
    int abc_cab_background_top_material -> abc_cab_background_top_material
    int abc_cab_background_top_mtrl_alpha -> abc_cab_background_top_mtrl_alpha
    int abc_control_background_material -> abc_control_background_material
    int abc_dialog_material_background -> abc_dialog_material_background
    int abc_edit_text_material -> abc_edit_text_material
    int abc_ic_ab_back_material -> abc_ic_ab_back_material