app/build/outputs/mapping/release/usage.txt
com.vimal.music.handler.BuildConfig
com.vimal.music.handler.R
com.vimal.music.handler.R$anim
com.vimal.music.handler.R$attr
com.vimal.music.handler.R$bool
com.vimal.music.handler.R$color
com.vimal.music.handler.R$dimen
com.vimal.music.handler.R$drawable
com.vimal.music.handler.R$id
com.vimal.music.handler.R$integer
com.vimal.music.handler.R$layout
com.vimal.music.handler.R$raw
com.vimal.music.handler.R$string
com.vimal.music.handler.R$style
com.vimal.music.handler.R$styleable
...
android.support.graphics.drawable.R$bool
android.support.graphics.drawable.R$color
android.support.graphics.drawable.R$dimen
android.support.graphics.drawable.R$drawable
android.support.graphics.drawable.R$id
android.support.graphics.drawable.R$integer
android.support.graphics.drawable.R$layout
android.support.graphics.drawable.R$string
android.support.graphics.drawable.R$style
android.support.graphics.drawable.R$styleable
android.support.graphics.drawable.VectorDrawableCompat:
    static final java.lang.String LOGTAG
    private static final java.lang.String SHAPE_CLIP_PATH
    private static final java.lang.String SHAPE_GROUP
    private static final java.lang.String SHAPE_PATH
    private static final java.lang.String SHAPE_VECTOR
    private static final int LINECAP_BUTT
    private static final int LINECAP_ROUND
    private static final int LINECAP_SQUARE
    private static final int LINEJOIN_MITER
    private static final int LINEJOIN_ROUND
    private static final int LINEJOIN_BEVEL
    private static final int MAX_CACHED_BITMAP_SIZE
    private static final boolean DBG_VECTOR_DRAWABLE
    526:539:public float getPixelSize()
    789:806:private void printGroupTree(android.support.graphics.drawable.VectorDrawableCompat$VGroup,int)
android.support.graphics.drawable.VectorDrawableCompat$VFullPath:
    private static final int FILL_TYPE_WINDING
    1706:1706:public boolean canApplyTheme()
    1780:1789:public void applyTheme(android.content.res.Resources$Theme)
android.support.graphics.drawable.VectorDrawableCompat$VPath:
    1518:1525:public void printVPath(int)
    1528:1536:public java.lang.String nodesToString(android.support.v4.graphics.PathParser$PathDataNode[])
    1557:1557:public boolean canApplyTheme()
    1561:1561:public void applyTheme(android.content.res.Resources$Theme)
android.support.graphics.drawable.VectorDrawableCompat$VectorDrawableCompatState:
    int[] mCachedThemeAttrs
android.support.graphics.drawable.animated.R
android.support.graphics.drawable.animated.R$attr
android.support.graphics.drawable.animated.R$bool
android.support.graphics.drawable.animated.R$color
android.support.graphics.drawable.animated.R$dimen
android.support.graphics.drawable.animated.R$drawable
android.support.graphics.drawable.animated.R$id
android.support.graphics.drawable.animated.R$integer
android.support.graphics.drawable.animated.R$layout
android.support.graphics.drawable.animated.R$string
android.support.graphics.drawable.animated.R$style
android.support.graphics.drawable.animated.R$styleable
android.support.v13.view.DragAndDropPermissionsCompat
android.support.v13.view.DragStartHelper
android.support.v13.view.DragStartHelper$1
android.support.v13.view.DragStartHelper$2
android.support.v13.view.DragStartHelper$OnDragStartListener
android.support.v13.view.inputmethod.EditorInfoCompat
android.support.v13.view.inputmethod.InputConnectionCompat
android.support.v13.view.inputmethod.InputConnectionCompat$1
android.support.v13.view.inputmethod.InputConnectionCompat$2
android.support.v13.view.inputmethod.InputConnectionCompat$OnCommitContentListener
android.support.v13.view.inputmethod.InputContentInfoCompat
android.support.v13.view.inputmethod.InputContentInfoCompat$InputContentInfoCompatApi25Impl
android.support.v13.view.inputmethod.InputContentInfoCompat$InputContentInfoCompatBaseImpl
android.support.v13.view.inputmethod.InputContentInfoCompat$InputContentInfoCompatImpl
android.support.v4.accessibilityservice.AccessibilityServiceInfoCompat
android.support.v4.app.ActionBarDrawerToggle
android.support.v4.app.ActionBarDrawerToggle$Delegate
android.support.v4.app.ActionBarDrawerToggle$DelegateProvider
android.support.v4.app.ActionBarDrawerToggle$SetIndicatorInfo
android.support.v4.app.ActionBarDrawerToggle$SlideDrawable